
**** Build of configuration Debug for project Hexa_Backend ****

make all 
Building file: ../hexa_be.cc
Invoking: Cross G++ Compiler
arm-linux-gnueabi-g++ -O0 -g3 -Wall -c -fmessage-length=0 -mcpu=cortex-a8 -MMD -MP -MF"hexa_be.d" -MT"hexa_be.d" -o "hexa_be.o" "../hexa_be.cc"
Finished building: ../hexa_be.cc
 
Building file: ../hip.cc
Invoking: Cross G++ Compiler
arm-linux-gnueabi-g++ -O0 -g3 -Wall -c -fmessage-length=0 -mcpu=cortex-a8 -MMD -MP -MF"hip.d" -MT"hip.d" -o "hip.o" "../hip.cc"
Finished building: ../hip.cc
 
Building file: ../hip_sagit.cc
Invoking: Cross G++ Compiler
arm-linux-gnueabi-g++ -O0 -g3 -Wall -c -fmessage-length=0 -mcpu=cortex-a8 -MMD -MP -MF"hip_sagit.d" -MT"hip_sagit.d" -o "hip_sagit.o" "../hip_sagit.cc"
Finished building: ../hip_sagit.cc
 
Building file: ../hipgroup.cc
Invoking: Cross G++ Compiler
arm-linux-gnueabi-g++ -O0 -g3 -Wall -c -fmessage-length=0 -mcpu=cortex-a8 -MMD -MP -MF"hipgroup.d" -MT"hipgroup.d" -o "hipgroup.o" "../hipgroup.cc"
Finished building: ../hipgroup.cc
 
Building file: ../joint.cc
Invoking: Cross G++ Compiler
arm-linux-gnueabi-g++ -O0 -g3 -Wall -c -fmessage-length=0 -mcpu=cortex-a8 -MMD -MP -MF"joint.d" -MT"joint.d" -o "joint.o" "../joint.cc"
Finished building: ../joint.cc
 
Building file: ../leg.cc
Invoking: Cross G++ Compiler
arm-linux-gnueabi-g++ -O0 -g3 -Wall -c -fmessage-length=0 -mcpu=cortex-a8 -MMD -MP -MF"leg.d" -MT"leg.d" -o "leg.o" "../leg.cc"
Finished building: ../leg.cc
 
Building file: ../servo.cc
Invoking: Cross G++ Compiler
arm-linux-gnueabi-g++ -O0 -g3 -Wall -c -fmessage-length=0 -mcpu=cortex-a8 -MMD -MP -MF"servo.d" -MT"servo.d" -o "servo.o" "../servo.cc"
Finished building: ../servo.cc
 
Building target: Hexa_Backend
Invoking: Cross G++ Linker
arm-linux-gnueabi-g++  -o "Hexa_Backend"  ./hexa_be.o ./hip.o ./hip_sagit.o ./hipgroup.o ./joint.o ./leg.o ./servo.o   
Finished building target: Hexa_Backend
 

**** Build Finished ****
