
**** Clean-only build of configuration Debug for project Hexa_Backend ****

make clean 
rm -rf  ./hexa_be.o ./hip.o ./hip_sagit.o ./hipgroup.o ./joint.o ./leg.o ./servo.o  ./hexa_be.d ./hip.d ./hip_sagit.d ./hipgroup.d ./joint.d ./leg.d ./servo.d  Hexa_Backend
 

**** Build Finished ****

**** Build of configuration Debug for project Hexa_Backend ****

make all 
Building file: ../hexa_be.cc
Invoking: Cross G++ Compiler
arm-linux-gnueabi-g++ -O0 -g3 -Wall -c -fmessage-length=0 -mcpu=cortex-a8 -MMD -MP -MF"hexa_be.d" -MT"hexa_be.d" -o "hexa_be.o" "../hexa_be.cc"
../hexa_be.cc: In function ‘void testbench()’:
../hexa_be.cc:75:62: warning: division by zero [-Wdiv-by-zero]
Finished building: ../hexa_be.cc
 
Building file: ../hip.cc
Invoking: Cross G++ Compiler
arm-linux-gnueabi-g++ -O0 -g3 -Wall -c -fmessage-length=0 -mcpu=cortex-a8 -MMD -MP -MF"hip.d" -MT"hip.d" -o "hip.o" "../hip.cc"
../hip.h: In constructor ‘CHip::CHip(int, eServoType, double, bool, double, int, eServoType, double, bool, double, int, eServoType, double, bool, double, double, double, double, double, double, double)’:
../hip.h:24:16: warning: ‘CHip::m_pRestLeg’ will be initialized after [-Wreorder]
../hip.h:23:10: warning:   ‘CJoint* CHip::m_pTransverseJoint’ [-Wreorder]
../hip.cc:13:1: warning:   when initialized here [-Wreorder]
../hip.h:23:10: warning: ‘CHip::m_pTransverseJoint’ will be initialized after [-Wreorder]
../hip.h:20:14: warning:   ‘eDebugLevel CHip::m_DebugLevel’ [-Wreorder]
../hip.cc:13:1: warning:   when initialized here [-Wreorder]
../hip.cc: In member function ‘int CHip::CalculateParams(double, double, double, double&, double&, double&)’:
../hip.cc:203:9: warning: variable ‘dD1’ set but not used [-Wunused-but-set-variable]
../hip.cc:221:9: warning: variable ‘dD2’ set but not used [-Wunused-but-set-variable]
Finished building: ../hip.cc
 
Building file: ../hip_sagit.cc
Invoking: Cross G++ Compiler
arm-linux-gnueabi-g++ -O0 -g3 -Wall -c -fmessage-length=0 -mcpu=cortex-a8 -MMD -MP -MF"hip_sagit.d" -MT"hip_sagit.d" -o "hip_sagit.o" "../hip_sagit.cc"
Finished building: ../hip_sagit.cc
 
Building file: ../hipgroup.cc
Invoking: Cross G++ Compiler
arm-linux-gnueabi-g++ -O0 -g3 -Wall -c -fmessage-length=0 -mcpu=cortex-a8 -MMD -MP -MF"hipgroup.d" -MT"hipgroup.d" -o "hipgroup.o" "../hipgroup.cc"
Finished building: ../hipgroup.cc
 
Building file: ../joint.cc
Invoking: Cross G++ Compiler
arm-linux-gnueabi-g++ -O0 -g3 -Wall -c -fmessage-length=0 -mcpu=cortex-a8 -MMD -MP -MF"joint.d" -MT"joint.d" -o "joint.o" "../joint.cc"
../joint.h: In constructor ‘CJoint::CJoint(int, eServoType, double, bool, double)’:
../joint.h:16:7: warning: ‘CJoint::m_bIvertRotDirection’ will be initialized after [-Wreorder]
../joint.h:15:9: warning:   ‘double CJoint::m_dAngleCalibration’ [-Wreorder]
../joint.cc:11:1: warning:   when initialized here [-Wreorder]
../joint.h:15:9: warning: ‘CJoint::m_dAngleCalibration’ will be initialized after [-Wreorder]
../joint.h:14:9: warning:   ‘double CJoint::m_dAngleOffset’ [-Wreorder]
../joint.cc:11:1: warning:   when initialized here [-Wreorder]
Finished building: ../joint.cc
 
Building file: ../leg.cc
Invoking: Cross G++ Compiler
arm-linux-gnueabi-g++ -O0 -g3 -Wall -c -fmessage-length=0 -mcpu=cortex-a8 -MMD -MP -MF"leg.d" -MT"leg.d" -o "leg.o" "../leg.cc"
../leg.h: In constructor ‘CLeg::CLeg(int, eServoType, double, bool, double, double, double, double)’:
../leg.h:18:10: warning: ‘CLeg::m_pKnee’ will be initialized after [-Wreorder]
../leg.h:17:14: warning:   ‘eDebugLevel CLeg::m_DebugLevel’ [-Wreorder]
../leg.cc:11:1: warning:   when initialized here [-Wreorder]
Finished building: ../leg.cc
 
Building file: ../servo.cc
Invoking: Cross G++ Compiler
arm-linux-gnueabi-g++ -O0 -g3 -Wall -c -fmessage-length=0 -mcpu=cortex-a8 -MMD -MP -MF"servo.d" -MT"servo.d" -o "servo.o" "../servo.cc"
../servo.h: In constructor ‘CServo::CServo(int, eServoType)’:
../servo.h:33:7: warning: ‘CServo::m_bBinaryCommands’ will be initialized after [-Wreorder]
../servo.h:23:14: warning:   ‘eDebugLevel CServo::m_DebugLevel’ [-Wreorder]
../servo.cc:11:1: warning:   when initialized here [-Wreorder]
../servo.h: In constructor ‘CServo::CServo(int, eServoType, int)’:
../servo.h:33:7: warning: ‘CServo::m_bBinaryCommands’ will be initialized after [-Wreorder]
../servo.h:23:14: warning:   ‘eDebugLevel CServo::m_DebugLevel’ [-Wreorder]
../servo.cc:25:1: warning:   when initialized here [-Wreorder]
Finished building: ../servo.cc
 
Building target: Hexa_Backend
Invoking: Cross G++ Linker
arm-linux-gnueabi-g++  -o "Hexa_Backend"  ./hexa_be.o ./hip.o ./hip_sagit.o ./hipgroup.o ./joint.o ./leg.o ./servo.o   
Finished building target: Hexa_Backend
 

**** Build Finished ****

**** Clean-only build of configuration Debug for project Hexa_Backend ****

make clean 
rm -rf  ./hexa_be.o ./hip.o ./hip_sagit.o ./hipgroup.o ./joint.o ./leg.o ./servo.o  ./hexa_be.d ./hip.d ./hip_sagit.d ./hipgroup.d ./joint.d ./leg.d ./servo.d  Hexa_Backend
 

**** Build Finished ****

**** Build of configuration Debug for project Hexa_Backend ****

make all 
Building file: ../hexa_be.cc
Invoking: Cross G++ Compiler
arm-linux-gnueabi-g++ -O0 -g3 -Wall -c -fmessage-length=0 -mcpu=cortex-a8 -MMD -MP -MF"hexa_be.d" -MT"hexa_be.d" -o "hexa_be.o" "../hexa_be.cc"
Finished building: ../hexa_be.cc
 
Building file: ../hip.cc
Invoking: Cross G++ Compiler
arm-linux-gnueabi-g++ -O0 -g3 -Wall -c -fmessage-length=0 -mcpu=cortex-a8 -MMD -MP -MF"hip.d" -MT"hip.d" -o "hip.o" "../hip.cc"
../hip.h: In constructor ‘CHip::CHip(int, eServoType, double, bool, double, int, eServoType, double, bool, double, int, eServoType, double, bool, double, double, double, double, double, double, double)’:
../hip.h:24:16: warning: ‘CHip::m_pRestLeg’ will be initialized after [-Wreorder]
../hip.h:23:10: warning:   ‘CJoint* CHip::m_pTransverseJoint’ [-Wreorder]
../hip.cc:13:1: warning:   when initialized here [-Wreorder]
../hip.h:23:10: warning: ‘CHip::m_pTransverseJoint’ will be initialized after [-Wreorder]
../hip.h:20:14: warning:   ‘eDebugLevel CHip::m_DebugLevel’ [-Wreorder]
../hip.cc:13:1: warning:   when initialized here [-Wreorder]
../hip.cc: In member function ‘int CHip::CalculateParams(double, double, double, double&, double&, double&)’:
Finished building: ../hip.cc
 
../hip.cc:203:9: warning: variable ‘dD1’ set but not used [-Wunused-but-set-variable]
Building file: ../hip_sagit.cc
../hip.cc:221:9: warning: variable ‘dD2’ set but not used [-Wunused-but-set-variable]
Invoking: Cross G++ Compiler
arm-linux-gnueabi-g++ -O0 -g3 -Wall -c -fmessage-length=0 -mcpu=cortex-a8 -MMD -MP -MF"hip_sagit.d" -MT"hip_sagit.d" -o "hip_sagit.o" "../hip_sagit.cc"
Finished building: ../hip_sagit.cc
 
Building file: ../hipgroup.cc
Invoking: Cross G++ Compiler
arm-linux-gnueabi-g++ -O0 -g3 -Wall -c -fmessage-length=0 -mcpu=cortex-a8 -MMD -MP -MF"hipgroup.d" -MT"hipgroup.d" -o "hipgroup.o" "../hipgroup.cc"
Finished building: ../hipgroup.cc
 
Building file: ../joint.cc
Invoking: Cross G++ Compiler
arm-linux-gnueabi-g++ -O0 -g3 -Wall -c -fmessage-length=0 -mcpu=cortex-a8 -MMD -MP -MF"joint.d" -MT"joint.d" -o "joint.o" "../joint.cc"
../joint.h: In constructor ‘CJoint::CJoint(int, eServoType, double, bool, double)’:
../joint.h:16:7: warning: ‘CJoint::m_bIvertRotDirection’ will be initialized after [-Wreorder]
../joint.h:15:9: warning:   ‘double CJoint::m_dAngleCalibration’ [-Wreorder]
../joint.cc:11:1: warning:   when initialized here [-Wreorder]
../joint.h:15:9: warning: ‘CJoint::m_dAngleCalibration’ will be initialized after [-Wreorder]
../joint.h:14:9: warning:   ‘double CJoint::m_dAngleOffset’ [-Wreorder]
../joint.cc:11:1: warning:   when initialized here [-Wreorder]
Finished building: ../joint.cc
 
Building file: ../leg.cc
Invoking: Cross G++ Compiler
arm-linux-gnueabi-g++ -O0 -g3 -Wall -c -fmessage-length=0 -mcpu=cortex-a8 -MMD -MP -MF"leg.d" -MT"leg.d" -o "leg.o" "../leg.cc"
Finished building: ../leg.cc
 
Building file: ../servo.cc
Invoking: Cross G++ Compiler
arm-linux-gnueabi-g++ -O0 -g3 -Wall -c -fmessage-length=0 -mcpu=cortex-a8 -MMD -MP -MF"servo.d" -MT"servo.d" -o "servo.o" "../servo.cc"
../servo.h: In constructor ‘CServo::CServo(int, eServoType)’:
../servo.h:33:7: warning: ‘CServo::m_bBinaryCommands’ will be initialized after [-Wreorder]
../servo.h:23:14: warning:   ‘eDebugLevel CServo::m_DebugLevel’ [-Wreorder]
../servo.cc:11:1: warning:   when initialized here [-Wreorder]
../servo.h: In constructor ‘CServo::CServo(int, eServoType, int)’:
../servo.h:33:7: warning: ‘CServo::m_bBinaryCommands’ will be initialized after [-Wreorder]
../servo.h:23:14: warning:   ‘eDebugLevel CServo::m_DebugLevel’ [-Wreorder]
../servo.cc:25:1: warning:   when initialized here [-Wreorder]
Finished building: ../servo.cc
 
Building target: Hexa_Backend
Invoking: Cross G++ Linker
arm-linux-gnueabi-g++  -o "Hexa_Backend"  ./hexa_be.o ./hip.o ./hip_sagit.o ./hipgroup.o ./joint.o ./leg.o ./servo.o   
Finished building target: Hexa_Backend
 

**** Build Finished ****

**** Clean-only build of configuration Debug for project Hexa_Backend ****

make clean 
rm -rf  ./hexa_be.o ./hip.o ./hip_sagit.o ./hipgroup.o ./joint.o ./leg.o ./servo.o  ./hexa_be.d ./hip.d ./hip_sagit.d ./hipgroup.d ./joint.d ./leg.d ./servo.d  Hexa_Backend
 

**** Build Finished ****

**** Build of configuration Debug for project Hexa_Backend ****

make all 
Building file: ../hexa_be.cc
Invoking: Cross G++ Compiler
arm-linux-gnueabi-g++ -O0 -g3 -Wall -c -fmessage-length=0 -mcpu=cortex-a8 -MMD -MP -MF"hexa_be.d" -MT"hexa_be.d" -o "hexa_be.o" "../hexa_be.cc"
Finished building: ../hexa_be.cc
 
Building file: ../hip.cc
Invoking: Cross G++ Compiler
arm-linux-gnueabi-g++ -O0 -g3 -Wall -c -fmessage-length=0 -mcpu=cortex-a8 -MMD -MP -MF"hip.d" -MT"hip.d" -o "hip.o" "../hip.cc"
../hip.h: In constructor ‘CHip::CHip(int, eServoType, double, bool, double, int, eServoType, double, bool, double, int, eServoType, double, bool, double, double, double, double, double, double, double)’:
../hip.h:21:16: warning: ‘CHip::m_pRestLeg’ will be initialized after [-Wreorder]
../hip.h:20:10: warning:   ‘CJoint* CHip::m_pTransverseJoint’ [-Wreorder]
../hip.cc:13:1: warning:   when initialized here [-Wreorder]
../hip.h:37:14: warning: ‘CHip::m_DebugLevel’ will be initialized after [-Wreorder]
../hip.h:23:7: warning:   ‘bool CHip::m_bCurrentPositionValid’ [-Wreorder]
../hip.cc:13:1: warning:   when initialized here [-Wreorder]
../hip.cc: In member function ‘int CHip::CalculateParams(double, double, double, double&, double&, double&)’:
Finished building: ../hip.cc
../hip.cc:203:9: warning: variable ‘dD1’ set but not used [-Wunused-but-set-variable]
 
../hip.cc:221:9: warning: variable ‘dD2’ set but not used [-Wunused-but-set-variable]
Building file: ../hip_sagit.cc
Invoking: Cross G++ Compiler
arm-linux-gnueabi-g++ -O0 -g3 -Wall -c -fmessage-length=0 -mcpu=cortex-a8 -MMD -MP -MF"hip_sagit.d" -MT"hip_sagit.d" -o "hip_sagit.o" "../hip_sagit.cc"
Finished building: ../hip_sagit.cc
 
Building file: ../hipgroup.cc
Invoking: Cross G++ Compiler
arm-linux-gnueabi-g++ -O0 -g3 -Wall -c -fmessage-length=0 -mcpu=cortex-a8 -MMD -MP -MF"hipgroup.d" -MT"hipgroup.d" -o "hipgroup.o" "../hipgroup.cc"
Finished building: ../hipgroup.cc
 
Building file: ../joint.cc
Invoking: Cross G++ Compiler
arm-linux-gnueabi-g++ -O0 -g3 -Wall -c -fmessage-length=0 -mcpu=cortex-a8 -MMD -MP -MF"joint.d" -MT"joint.d" -o "joint.o" "../joint.cc"
../joint.h: In constructor ‘CJoint::CJoint(int, eServoType, double, bool, double)’:
../joint.h:16:7: warning: ‘CJoint::m_bIvertRotDirection’ will be initialized after [-Wreorder]
../joint.h:15:9: warning:   ‘double CJoint::m_dAngleCalibration’ [-Wreorder]
../joint.cc:11:1: warning:   when initialized here [-Wreorder]
../joint.h:15:9: warning: ‘CJoint::m_dAngleCalibration’ will be initialized after [-Wreorder]
../joint.h:14:9: warning:   ‘double CJoint::m_dAngleOffset’ [-Wreorder]
../joint.cc:11:1: warning:   when initialized here [-Wreorder]
Finished building: ../joint.cc
 
Building file: ../leg.cc
Invoking: Cross G++ Compiler
arm-linux-gnueabi-g++ -O0 -g3 -Wall -c -fmessage-length=0 -mcpu=cortex-a8 -MMD -MP -MF"leg.d" -MT"leg.d" -o "leg.o" "../leg.cc"
Finished building: ../leg.cc
 
Building file: ../servo.cc
Invoking: Cross G++ Compiler
arm-linux-gnueabi-g++ -O0 -g3 -Wall -c -fmessage-length=0 -mcpu=cortex-a8 -MMD -MP -MF"servo.d" -MT"servo.d" -o "servo.o" "../servo.cc"
../servo.h: In constructor ‘CServo::CServo(int, eServoType)’:
../servo.h:33:7: warning: ‘CServo::m_bBinaryCommands’ will be initialized after [-Wreorder]
../servo.h:23:14: warning:   ‘eDebugLevel CServo::m_DebugLevel’ [-Wreorder]
../servo.cc:11:1: warning:   when initialized here [-Wreorder]
../servo.h: In constructor ‘CServo::CServo(int, eServoType, int)’:
../servo.h:33:7: warning: ‘CServo::m_bBinaryCommands’ will be initialized after [-Wreorder]
../servo.h:23:14: warning:   ‘eDebugLevel CServo::m_DebugLevel’ [-Wreorder]
../servo.cc:25:1: warning:   when initialized here [-Wreorder]
Finished building: ../servo.cc
 
Building target: Hexa_Backend
Invoking: Cross G++ Linker
arm-linux-gnueabi-g++  -o "Hexa_Backend"  ./hexa_be.o ./hip.o ./hip_sagit.o ./hipgroup.o ./joint.o ./leg.o ./servo.o   
Finished building target: Hexa_Backend
 

**** Build Finished ****

**** Build of configuration Debug for project Hexa_Backend ****

make all 
Building file: ../hexa_be.cc
Invoking: Cross G++ Compiler
arm-linux-gnueabi-g++ -O0 -g3 -Wall -c -fmessage-length=0 -mcpu=cortex-a8 -MMD -MP -MF"hexa_be.d" -MT"hexa_be.d" -o "hexa_be.o" "../hexa_be.cc"
Finished building: ../hexa_be.cc
 
Building file: ../hip.cc
Invoking: Cross G++ Compiler
arm-linux-gnueabi-g++ -O0 -g3 -Wall -c -fmessage-length=0 -mcpu=cortex-a8 -MMD -MP -MF"hip.d" -MT"hip.d" -o "hip.o" "../hip.cc"
../hip.h: In constructor ‘CHip::CHip(int, eServoType, double, bool, double, int, eServoType, double, bool, double, int, eServoType, double, bool, double, double, double, double, double, double, double)’:
../hip.h:21:16: warning: ‘CHip::m_pRestLeg’ will be initialized after [-Wreorder]
../hip.h:20:10: warning:   ‘CJoint* CHip::m_pTransverseJoint’ [-Wreorder]
../hip.cc:13:1: warning:   when initialized here [-Wreorder]
../hip.h:37:14: warning: ‘CHip::m_DebugLevel’ will be initialized after [-Wreorder]
../hip.h:23:7: warning:   ‘bool CHip::m_bCurrentPositionValid’ [-Wreorder]
../hip.cc:13:1: warning:   when initialized here [-Wreorder]
../hip.cc: In member function ‘int CHip::CalculateParams(double, double, double, double&, double&, double&)’:
Finished building: ../hip.cc
 
Building file: ../hip_sagit.cc
Invoking: Cross G++ Compiler
arm-linux-gnueabi-g++ -O0 -g3 -Wall -c -fmessage-length=0 -mcpu=cortex-a8 -MMD -MP -MF"hip_sagit.d" -MT"hip_sagit.d" -o "hip_sagit.o" "../hip_sagit.cc"
../hip.cc:203:9: warning: variable ‘dD1’ set but not used [-Wunused-but-set-variable]
../hip.cc:221:9: warning: variable ‘dD2’ set but not used [-Wunused-but-set-variable]
Finished building: ../hip_sagit.cc
 
Building file: ../hipgroup.cc
Invoking: Cross G++ Compiler
arm-linux-gnueabi-g++ -O0 -g3 -Wall -c -fmessage-length=0 -mcpu=cortex-a8 -MMD -MP -MF"hipgroup.d" -MT"hipgroup.d" -o "hipgroup.o" "../hipgroup.cc"
Finished building: ../hipgroup.cc
 
Building file: ../joint.cc
Invoking: Cross G++ Compiler
arm-linux-gnueabi-g++ -O0 -g3 -Wall -c -fmessage-length=0 -mcpu=cortex-a8 -MMD -MP -MF"joint.d" -MT"joint.d" -o "joint.o" "../joint.cc"
../joint.h: In constructor ‘CJoint::CJoint(int, eServoType, double, bool, double)’:
../joint.h:16:7: warning: ‘CJoint::m_bIvertRotDirection’ will be initialized after [-Wreorder]
../joint.h:15:9: warning:   ‘double CJoint::m_dAngleCalibration’ [-Wreorder]
../joint.cc:11:1: warning:   when initialized here [-Wreorder]
../joint.h:15:9: warning: ‘CJoint::m_dAngleCalibration’ will be initialized after [-Wreorder]
../joint.h:14:9: warning:   ‘double CJoint::m_dAngleOffset’ [-Wreorder]
../joint.cc:11:1: warning:   when initialized here [-Wreorder]
Finished building: ../joint.cc
 
Building file: ../leg.cc
Invoking: Cross G++ Compiler
arm-linux-gnueabi-g++ -O0 -g3 -Wall -c -fmessage-length=0 -mcpu=cortex-a8 -MMD -MP -MF"leg.d" -MT"leg.d" -o "leg.o" "../leg.cc"
Finished building: ../leg.cc
 
Building file: ../servo.cc
Invoking: Cross G++ Compiler
arm-linux-gnueabi-g++ -O0 -g3 -Wall -c -fmessage-length=0 -mcpu=cortex-a8 -MMD -MP -MF"servo.d" -MT"servo.d" -o "servo.o" "../servo.cc"
../servo.h: In constructor ‘CServo::CServo(int, eServoType)’:
../servo.h:36:14: warning: ‘CServo::m_DebugLevel’ will be initialized after [-Wreorder]
../servo.h:26:6: warning:   ‘int CServo::m_PulseWidth_Offset’ [-Wreorder]
../servo.cc:11:1: warning:   when initialized here [-Wreorder]
../servo.h: In constructor ‘CServo::CServo(int, eServoType, int)’:
../servo.h:36:14: warning: ‘CServo::m_DebugLevel’ will be initialized after [-Wreorder]
../servo.h:26:6: warning:   ‘int CServo::m_PulseWidth_Offset’ [-Wreorder]
../servo.cc:25:1: warning:   when initialized here [-Wreorder]
Finished building: ../servo.cc
 
Building target: Hexa_Backend
Invoking: Cross G++ Linker
arm-linux-gnueabi-g++  -o "Hexa_Backend"  ./hexa_be.o ./hip.o ./hip_sagit.o ./hipgroup.o ./joint.o ./leg.o ./servo.o   
Finished building target: Hexa_Backend
 

**** Build Finished ****

**** Build of configuration Debug for project Hexa_Backend ****

make all 
Building file: ../hexa_be.cc
Invoking: Cross G++ Compiler
arm-linux-gnueabi-g++ -O0 -g3 -Wall -c -fmessage-length=0 -mcpu=cortex-a8 -MMD -MP -MF"hexa_be.d" -MT"hexa_be.d" -o "hexa_be.o" "../hexa_be.cc"
Finished building: ../hexa_be.cc
 
Building file: ../hip.cc
Invoking: Cross G++ Compiler
arm-linux-gnueabi-g++ -O0 -g3 -Wall -c -fmessage-length=0 -mcpu=cortex-a8 -MMD -MP -MF"hip.d" -MT"hip.d" -o "hip.o" "../hip.cc"
../hip.h: In constructor ‘CHip::CHip(int, eServoType, double, bool, double, int, eServoType, double, bool, double, int, eServoType, double, bool, double, double, double, double, double, double, double)’:
../hip.h:21:16: warning: ‘CHip::m_pRestLeg’ will be initialized after [-Wreorder]
../hip.h:20:10: warning:   ‘CJoint* CHip::m_pTransverseJoint’ [-Wreorder]
../hip.cc:13:1: warning:   when initialized here [-Wreorder]
../hip.h:37:14: warning: ‘CHip::m_DebugLevel’ will be initialized after [-Wreorder]
../hip.h:23:7: warning:   ‘bool CHip::m_bCurrentPositionValid’ [-Wreorder]
../hip.cc:13:1: warning:   when initialized here [-Wreorder]
../hip.cc: In member function ‘int CHip::CalculateParams(double, double, double, double&, double&, double&)’:
Finished building: ../hip.cc
../hip.cc:203:9: warning: variable ‘dD1’ set but not used [-Wunused-but-set-variable]
 
../hip.cc:221:9: warning: variable ‘dD2’ set but not used [-Wunused-but-set-variable]
Building file: ../hip_sagit.cc
Invoking: Cross G++ Compiler
arm-linux-gnueabi-g++ -O0 -g3 -Wall -c -fmessage-length=0 -mcpu=cortex-a8 -MMD -MP -MF"hip_sagit.d" -MT"hip_sagit.d" -o "hip_sagit.o" "../hip_sagit.cc"
Finished building: ../hip_sagit.cc
 
Building file: ../hipgroup.cc
Invoking: Cross G++ Compiler
arm-linux-gnueabi-g++ -O0 -g3 -Wall -c -fmessage-length=0 -mcpu=cortex-a8 -MMD -MP -MF"hipgroup.d" -MT"hipgroup.d" -o "hipgroup.o" "../hipgroup.cc"
Finished building: ../hipgroup.cc
 
Building file: ../joint.cc
Invoking: Cross G++ Compiler
arm-linux-gnueabi-g++ -O0 -g3 -Wall -c -fmessage-length=0 -mcpu=cortex-a8 -MMD -MP -MF"joint.d" -MT"joint.d" -o "joint.o" "../joint.cc"
../joint.h: In constructor ‘CJoint::CJoint(int, eServoType, double, bool, double)’:
../joint.h:16:7: warning: ‘CJoint::m_bIvertRotDirection’ will be initialized after [-Wreorder]
../joint.h:15:9: warning:   ‘double CJoint::m_dAngleCalibration’ [-Wreorder]
../joint.cc:11:1: warning:   when initialized here [-Wreorder]
../joint.h:15:9: warning: ‘CJoint::m_dAngleCalibration’ will be initialized after [-Wreorder]
../joint.h:14:9: warning:   ‘double CJoint::m_dAngleOffset’ [-Wreorder]
../joint.cc:11:1: warning:   when initialized here [-Wreorder]
Finished building: ../joint.cc
 
Building file: ../leg.cc
Invoking: Cross G++ Compiler
arm-linux-gnueabi-g++ -O0 -g3 -Wall -c -fmessage-length=0 -mcpu=cortex-a8 -MMD -MP -MF"leg.d" -MT"leg.d" -o "leg.o" "../leg.cc"
Finished building: ../leg.cc
 
Building file: ../servo.cc
Invoking: Cross G++ Compiler
arm-linux-gnueabi-g++ -O0 -g3 -Wall -c -fmessage-length=0 -mcpu=cortex-a8 -MMD -MP -MF"servo.d" -MT"servo.d" -o "servo.o" "../servo.cc"
../servo.h: In constructor ‘CServo::CServo(int, eServoType)’:
../servo.h:36:14: warning: ‘CServo::m_DebugLevel’ will be initialized after [-Wreorder]
../servo.h:26:6: warning:   ‘int CServo::m_PulseWidth_Offset’ [-Wreorder]
../servo.cc:11:1: warning:   when initialized here [-Wreorder]
../servo.h: In constructor ‘CServo::CServo(int, eServoType, int)’:
../servo.h:36:14: warning: ‘CServo::m_DebugLevel’ will be initialized after [-Wreorder]
../servo.h:26:6: warning:   ‘int CServo::m_PulseWidth_Offset’ [-Wreorder]
../servo.cc:25:1: warning:   when initialized here [-Wreorder]
Finished building: ../servo.cc
 
Building target: Hexa_Backend
Invoking: Cross G++ Linker
arm-linux-gnueabi-g++  -o "Hexa_Backend"  ./hexa_be.o ./hip.o ./hip_sagit.o ./hipgroup.o ./joint.o ./leg.o ./servo.o   
Finished building target: Hexa_Backend
 

**** Build Finished ****

**** Build of configuration Debug for project Hexa_Backend ****

make all 
Building file: ../hexa_be.cc
Invoking: Cross G++ Compiler
arm-linux-gnueabi-g++ -O0 -g3 -Wall -c -fmessage-length=0 -mcpu=cortex-a8 -MMD -MP -MF"hexa_be.d" -MT"hexa_be.d" -o "hexa_be.o" "../hexa_be.cc"
Finished building: ../hexa_be.cc
 
Building file: ../hip.cc
Invoking: Cross G++ Compiler
arm-linux-gnueabi-g++ -O0 -g3 -Wall -c -fmessage-length=0 -mcpu=cortex-a8 -MMD -MP -MF"hip.d" -MT"hip.d" -o "hip.o" "../hip.cc"
../hip.h: In constructor ‘CHip::CHip(int, eServoType, double, bool, double, int, eServoType, double, bool, double, int, eServoType, double, bool, double, double, double, double, double, double, double)’:
../hip.h:21:16: warning: ‘CHip::m_pRestLeg’ will be initialized after [-Wreorder]
../hip.h:20:10: warning:   ‘CJoint* CHip::m_pTransverseJoint’ [-Wreorder]
../hip.cc:13:1: warning:   when initialized here [-Wreorder]
../hip.h:37:14: warning: ‘CHip::m_DebugLevel’ will be initialized after [-Wreorder]
../hip.h:23:7: warning:   ‘bool CHip::m_bCurrentPositionValid’ [-Wreorder]
../hip.cc:13:1: warning:   when initialized here [-Wreorder]
../hip.cc: In member function ‘int CHip::CalculateParams(double, double, double, double&, double&, double&)’:
Finished building: ../hip.cc
../hip.cc:203:9: warning: variable ‘dD1’ set but not used [-Wunused-but-set-variable]
 
../hip.cc:221:9: warning: variable ‘dD2’ set but not used [-Wunused-but-set-variable]
Building file: ../hip_sagit.cc
Invoking: Cross G++ Compiler
arm-linux-gnueabi-g++ -O0 -g3 -Wall -c -fmessage-length=0 -mcpu=cortex-a8 -MMD -MP -MF"hip_sagit.d" -MT"hip_sagit.d" -o "hip_sagit.o" "../hip_sagit.cc"
Finished building: ../hip_sagit.cc
 
Building file: ../hipgroup.cc
Invoking: Cross G++ Compiler
arm-linux-gnueabi-g++ -O0 -g3 -Wall -c -fmessage-length=0 -mcpu=cortex-a8 -MMD -MP -MF"hipgroup.d" -MT"hipgroup.d" -o "hipgroup.o" "../hipgroup.cc"
Finished building: ../hipgroup.cc
 
Building file: ../joint.cc
Invoking: Cross G++ Compiler
arm-linux-gnueabi-g++ -O0 -g3 -Wall -c -fmessage-length=0 -mcpu=cortex-a8 -MMD -MP -MF"joint.d" -MT"joint.d" -o "joint.o" "../joint.cc"
Finished building: ../joint.cc
 
Building file: ../leg.cc
Invoking: Cross G++ Compiler
arm-linux-gnueabi-g++ -O0 -g3 -Wall -c -fmessage-length=0 -mcpu=cortex-a8 -MMD -MP -MF"leg.d" -MT"leg.d" -o "leg.o" "../leg.cc"
Finished building: ../leg.cc
 
Building target: Hexa_Backend
Invoking: Cross G++ Linker
arm-linux-gnueabi-g++  -o "Hexa_Backend"  ./hexa_be.o ./hip.o ./hip_sagit.o ./hipgroup.o ./joint.o ./leg.o ./servo.o   
Finished building target: Hexa_Backend
 

**** Build Finished ****

**** Build of configuration Debug for project Hexa_Backend ****

make all 
Building file: ../hip.cc
Invoking: Cross G++ Compiler
arm-linux-gnueabi-g++ -O0 -g3 -Wall -c -fmessage-length=0 -mcpu=cortex-a8 -MMD -MP -MF"hip.d" -MT"hip.d" -o "hip.o" "../hip.cc"
../hip.h: In constructor ‘CHip::CHip(int, eServoType, double, bool, double, int, eServoType, double, bool, double, int, eServoType, double, bool, double, double, double, double, double, double, double)’:
../hip.h:21:16: warning: ‘CHip::m_pRestLeg’ will be initialized after [-Wreorder]
../hip.h:20:10: warning:   ‘CJoint* CHip::m_pTransverseJoint’ [-Wreorder]
../hip.cc:13:1: warning:   when initialized here [-Wreorder]
../hip.cc: In member function ‘int CHip::CalculateParams(double, double, double, double&, double&, double&)’:
../hip.cc:203:9: warning: variable ‘dD1’ set but not used [-Wunused-but-set-variable]
../hip.cc:221:9: warning: variable ‘dD2’ set but not used [-Wunused-but-set-variable]
Finished building: ../hip.cc
 
Building target: Hexa_Backend
Invoking: Cross G++ Linker
arm-linux-gnueabi-g++  -o "Hexa_Backend"  ./hexa_be.o ./hip.o ./hip_sagit.o ./hipgroup.o ./joint.o ./leg.o ./servo.o   
Finished building target: Hexa_Backend
 

**** Build Finished ****

**** Build of configuration Debug for project Hexa_Backend ****

make all 
Building file: ../hexa_be.cc
Invoking: Cross G++ Compiler
arm-linux-gnueabi-g++ -O0 -g3 -Wall -c -fmessage-length=0 -mcpu=cortex-a8 -MMD -MP -MF"hexa_be.d" -MT"hexa_be.d" -o "hexa_be.o" "../hexa_be.cc"
Finished building: ../hexa_be.cc
 
Building file: ../hip.cc
Invoking: Cross G++ Compiler
arm-linux-gnueabi-g++ -O0 -g3 -Wall -c -fmessage-length=0 -mcpu=cortex-a8 -MMD -MP -MF"hip.d" -MT"hip.d" -o "hip.o" "../hip.cc"
../hip.cc: In member function ‘int CHip::CalculateParams(double, double, double, double&, double&, double&)’:
../hip.cc:203:9: warning: variable ‘dD1’ set but not used [-Wunused-but-set-variable]
../hip.cc:221:9: warning: variable ‘dD2’ set but not used [-Wunused-but-set-variable]
Finished building: ../hip.cc
 
Building file: ../hipgroup.cc
Invoking: Cross G++ Compiler
arm-linux-gnueabi-g++ -O0 -g3 -Wall -c -fmessage-length=0 -mcpu=cortex-a8 -MMD -MP -MF"hipgroup.d" -MT"hipgroup.d" -o "hipgroup.o" "../hipgroup.cc"
Finished building: ../hipgroup.cc
 
Building target: Hexa_Backend
Invoking: Cross G++ Linker
arm-linux-gnueabi-g++  -o "Hexa_Backend"  ./hexa_be.o ./hip.o ./hip_sagit.o ./hipgroup.o ./joint.o ./leg.o ./servo.o   
Finished building target: Hexa_Backend
 

**** Build Finished ****

**** Clean-only build of configuration Debug for project Hexa_Backend ****

make clean 
rm -rf  ./hexa_be.o ./hip.o ./hip_sagit.o ./hipgroup.o ./joint.o ./leg.o ./servo.o  ./hexa_be.d ./hip.d ./hip_sagit.d ./hipgroup.d ./joint.d ./leg.d ./servo.d  Hexa_Backend
 

**** Build Finished ****

**** Build of configuration Debug for project Hexa_Backend ****

make all 
Building file: ../hexa_be.cc
Invoking: Cross G++ Compiler
arm-linux-gnueabi-g++ -O0 -g3 -Wall -c -fmessage-length=0 -mcpu=cortex-a8 -MMD -MP -MF"hexa_be.d" -MT"hexa_be.d" -o "hexa_be.o" "../hexa_be.cc"
Finished building: ../hexa_be.cc
 
Building file: ../hip.cc
Invoking: Cross G++ Compiler
arm-linux-gnueabi-g++ -O0 -g3 -Wall -c -fmessage-length=0 -mcpu=cortex-a8 -MMD -MP -MF"hip.d" -MT"hip.d" -o "hip.o" "../hip.cc"
Finished building: ../hip.cc
 
Building file: ../hip_sagit.cc
Invoking: Cross G++ Compiler
arm-linux-gnueabi-g++ -O0 -g3 -Wall -c -fmessage-length=0 -mcpu=cortex-a8 -MMD -MP -MF"hip_sagit.d" -MT"hip_sagit.d" -o "hip_sagit.o" "../hip_sagit.cc"
Finished building: ../hip_sagit.cc
 
Building file: ../hipgroup.cc
Invoking: Cross G++ Compiler
arm-linux-gnueabi-g++ -O0 -g3 -Wall -c -fmessage-length=0 -mcpu=cortex-a8 -MMD -MP -MF"hipgroup.d" -MT"hipgroup.d" -o "hipgroup.o" "../hipgroup.cc"
Finished building: ../hipgroup.cc
 
Building file: ../joint.cc
Invoking: Cross G++ Compiler
arm-linux-gnueabi-g++ -O0 -g3 -Wall -c -fmessage-length=0 -mcpu=cortex-a8 -MMD -MP -MF"joint.d" -MT"joint.d" -o "joint.o" "../joint.cc"
Finished building: ../joint.cc
 
Building file: ../leg.cc
Invoking: Cross G++ Compiler
arm-linux-gnueabi-g++ -O0 -g3 -Wall -c -fmessage-length=0 -mcpu=cortex-a8 -MMD -MP -MF"leg.d" -MT"leg.d" -o "leg.o" "../leg.cc"
Finished building: ../leg.cc
 
Building file: ../servo.cc
Invoking: Cross G++ Compiler
arm-linux-gnueabi-g++ -O0 -g3 -Wall -c -fmessage-length=0 -mcpu=cortex-a8 -MMD -MP -MF"servo.d" -MT"servo.d" -o "servo.o" "../servo.cc"
../servo.h: In constructor ‘CServo::CServo(int, eServoType)’:
../servo.h:36:14: warning: ‘CServo::m_DebugLevel’ will be initialized after [-Wreorder]
../servo.h:26:6: warning:   ‘int CServo::m_PulseWidth_Offset’ [-Wreorder]
../servo.cc:11:1: warning:   when initialized here [-Wreorder]
../servo.h: In constructor ‘CServo::CServo(int, eServoType, int)’:
../servo.h:36:14: warning: ‘CServo::m_DebugLevel’ will be initialized after [-Wreorder]
../servo.h:26:6: warning:   ‘int CServo::m_PulseWidth_Offset’ [-Wreorder]
../servo.cc:25:1: warning:   when initialized here [-Wreorder]
Finished building: ../servo.cc
 
Building target: Hexa_Backend
Invoking: Cross G++ Linker
arm-linux-gnueabi-g++  -o "Hexa_Backend"  ./hexa_be.o ./hip.o ./hip_sagit.o ./hipgroup.o ./joint.o ./leg.o ./servo.o   
Finished building target: Hexa_Backend
 

**** Build Finished ****

**** Clean-only build of configuration Debug for project Hexa_Backend ****

make clean 
rm -rf  ./hexa_be.o ./hip.o ./hip_sagit.o ./hipgroup.o ./joint.o ./leg.o ./servo.o  ./hexa_be.d ./hip.d ./hip_sagit.d ./hipgroup.d ./joint.d ./leg.d ./servo.d  Hexa_Backend
 

**** Build Finished ****

**** Build of configuration Debug for project Hexa_Backend ****

make all 
Building file: ../hexa_be.cc
Invoking: Cross G++ Compiler
arm-linux-gnueabi-g++ -O0 -g3 -Wall -c -fmessage-length=0 -mcpu=cortex-a8 -MMD -MP -MF"hexa_be.d" -MT"hexa_be.d" -o "hexa_be.o" "../hexa_be.cc"
Finished building: ../hexa_be.cc
 
Building file: ../hip.cc
Invoking: Cross G++ Compiler
arm-linux-gnueabi-g++ -O0 -g3 -Wall -c -fmessage-length=0 -mcpu=cortex-a8 -MMD -MP -MF"hip.d" -MT"hip.d" -o "hip.o" "../hip.cc"
Finished building: ../hip.cc
 
Building file: ../hip_sagit.cc
Invoking: Cross G++ Compiler
arm-linux-gnueabi-g++ -O0 -g3 -Wall -c -fmessage-length=0 -mcpu=cortex-a8 -MMD -MP -MF"hip_sagit.d" -MT"hip_sagit.d" -o "hip_sagit.o" "../hip_sagit.cc"
Finished building: ../hip_sagit.cc
 
Building file: ../hipgroup.cc
Invoking: Cross G++ Compiler
arm-linux-gnueabi-g++ -O0 -g3 -Wall -c -fmessage-length=0 -mcpu=cortex-a8 -MMD -MP -MF"hipgroup.d" -MT"hipgroup.d" -o "hipgroup.o" "../hipgroup.cc"
Finished building: ../hipgroup.cc
 
Building file: ../joint.cc
Invoking: Cross G++ Compiler
arm-linux-gnueabi-g++ -O0 -g3 -Wall -c -fmessage-length=0 -mcpu=cortex-a8 -MMD -MP -MF"joint.d" -MT"joint.d" -o "joint.o" "../joint.cc"
Finished building: ../joint.cc
 
Building file: ../leg.cc
Invoking: Cross G++ Compiler
arm-linux-gnueabi-g++ -O0 -g3 -Wall -c -fmessage-length=0 -mcpu=cortex-a8 -MMD -MP -MF"leg.d" -MT"leg.d" -o "leg.o" "../leg.cc"
Finished building: ../leg.cc
 
Building file: ../servo.cc
Invoking: Cross G++ Compiler
arm-linux-gnueabi-g++ -O0 -g3 -Wall -c -fmessage-length=0 -mcpu=cortex-a8 -MMD -MP -MF"servo.d" -MT"servo.d" -o "servo.o" "../servo.cc"
../servo.h: In constructor ‘CServo::CServo(int, eServoType)’:
../servo.h:30:7: warning: ‘CServo::m_bBinaryCommands’ will be initialized after [-Wreorder]
../servo.h:26:6: warning:   ‘int CServo::m_PulseWidth_Offset’ [-Wreorder]
../servo.cc:11:1: warning:   when initialized here [-Wreorder]
../servo.h: In constructor ‘CServo::CServo(int, eServoType, int)’:
../servo.h:30:7: warning: ‘CServo::m_bBinaryCommands’ will be initialized after [-Wreorder]
../servo.h:26:6: warning:   ‘int CServo::m_PulseWidth_Offset’ [-Wreorder]
../servo.cc:25:1: warning:   when initialized here [-Wreorder]
Finished building: ../servo.cc
 
Building target: Hexa_Backend
Invoking: Cross G++ Linker
arm-linux-gnueabi-g++  -o "Hexa_Backend"  ./hexa_be.o ./hip.o ./hip_sagit.o ./hipgroup.o ./joint.o ./leg.o ./servo.o   
Finished building target: Hexa_Backend
 

**** Build Finished ****

**** Clean-only build of configuration Debug for project Hexa_Backend ****

make clean 
rm -rf  ./hexa_be.o ./hip.o ./hip_sagit.o ./hipgroup.o ./joint.o ./leg.o ./servo.o  ./hexa_be.d ./hip.d ./hip_sagit.d ./hipgroup.d ./joint.d ./leg.d ./servo.d  Hexa_Backend
 

**** Build Finished ****

**** Build of configuration Debug for project Hexa_Backend ****

make all 
Building file: ../hexa_be.cc
Invoking: Cross G++ Compiler
arm-linux-gnueabi-g++ -O0 -g3 -Wall -c -fmessage-length=0 -mcpu=cortex-a8 -MMD -MP -MF"hexa_be.d" -MT"hexa_be.d" -o "hexa_be.o" "../hexa_be.cc"
Finished building: ../hexa_be.cc
 
Building file: ../hip.cc
Invoking: Cross G++ Compiler
arm-linux-gnueabi-g++ -O0 -g3 -Wall -c -fmessage-length=0 -mcpu=cortex-a8 -MMD -MP -MF"hip.d" -MT"hip.d" -o "hip.o" "../hip.cc"
Finished building: ../hip.cc
 
Building file: ../hip_sagit.cc
Invoking: Cross G++ Compiler
arm-linux-gnueabi-g++ -O0 -g3 -Wall -c -fmessage-length=0 -mcpu=cortex-a8 -MMD -MP -MF"hip_sagit.d" -MT"hip_sagit.d" -o "hip_sagit.o" "../hip_sagit.cc"
Finished building: ../hip_sagit.cc
 
Building file: ../hipgroup.cc
Invoking: Cross G++ Compiler
arm-linux-gnueabi-g++ -O0 -g3 -Wall -c -fmessage-length=0 -mcpu=cortex-a8 -MMD -MP -MF"hipgroup.d" -MT"hipgroup.d" -o "hipgroup.o" "../hipgroup.cc"
Finished building: ../hipgroup.cc
 
Building file: ../joint.cc
Invoking: Cross G++ Compiler
arm-linux-gnueabi-g++ -O0 -g3 -Wall -c -fmessage-length=0 -mcpu=cortex-a8 -MMD -MP -MF"joint.d" -MT"joint.d" -o "joint.o" "../joint.cc"
Finished building: ../joint.cc
 
Building file: ../leg.cc
Invoking: Cross G++ Compiler
arm-linux-gnueabi-g++ -O0 -g3 -Wall -c -fmessage-length=0 -mcpu=cortex-a8 -MMD -MP -MF"leg.d" -MT"leg.d" -o "leg.o" "../leg.cc"
Finished building: ../leg.cc
 
Building file: ../servo.cc
Invoking: Cross G++ Compiler
arm-linux-gnueabi-g++ -O0 -g3 -Wall -c -fmessage-length=0 -mcpu=cortex-a8 -MMD -MP -MF"servo.d" -MT"servo.d" -o "servo.o" "../servo.cc"
Finished building: ../servo.cc
 
Building target: Hexa_Backend
Invoking: Cross G++ Linker
arm-linux-gnueabi-g++  -o "Hexa_Backend"  ./hexa_be.o ./hip.o ./hip_sagit.o ./hipgroup.o ./joint.o ./leg.o ./servo.o   
Finished building target: Hexa_Backend
 

**** Build Finished ****
